成功删除文件
已连接到Socket
已发送心跳消息: heartbeat
已启动监听
收到心跳回复: heartbeat reply
已接受连接
收到心跳消息: heartbeat
已发送心跳回复: heartbeat reply
已发送心跳消息: heartbeat
收到心跳回复: heartbeat reply
收到心跳消息: heartbeat
已发送心跳回复: heartbeat reply
已发送心跳消息: heartbeat
收到心跳回复: heartbeat reply
收到心跳消息: heartbeat
已发送心跳回复: heartbeat reply
signal: interrupt
成功删除文件
已连接到Socket
已发送心跳消息: heartbeat
收到心跳回复: heartbeat reply
已启动监听
已接受连接
收到心跳消息: heartbeat
已发送心跳回复: heartbeat reply
已发送心跳消息: heartbeat
收到心跳回复: heartbeat reply
收到心跳消息: heartbeat
已发送心跳回复: heartbeat reply
已发送心跳消息: heartbeat
收到心跳回复: heartbeat reply
收到心跳消息: heartbeat
已发送心跳回复: heartbeat reply
已发送心跳消息: heartbeat
收到心跳回复: heartbeat reply
收到心跳消息: heartbeat
已发送心跳回复: heartbeat reply
已发送心跳消息: heartbeat
收到心跳回复: heartbeat reply
无法接收心跳消息: EOF
无法发送心跳消息: write unix ->../server-a.sock: write: broken pipe
成功删除文件
已连接到Socket
已发送心跳消息: heartbeat
已启动监听
收到心跳回复: heartbeat reply
已接受连接
收到心跳消息: heartbeat
已发送心跳回复: heartbeat reply
已发送心跳消息: heartbeat
收到心跳回复: heartbeat reply
收到心跳消息: heartbeat
已发送心跳回复: heartbeat reply
已发送心跳消息: heartbeat
收到心跳回复: heartbeat reply
收到心跳消息: heartbeat
已发送心跳回复: heartbeat reply
已发送心跳消息: heartbeat
收到心跳回复: heartbeat reply
收到心跳消息: heartbeat
已发送心跳回复: heartbeat reply
已发送心跳消息: heartbeat
收到心跳回复: heartbeat reply
收到心跳消息: heartbeat
已发送心跳回复: heartbeat reply
已发送心跳消息: heartbeat
收到心跳回复: heartbeat reply
收到心跳消息: heartbeat
已发送心跳回复: heartbeat reply
已发送心跳消息: heartbeat
收到心跳回复: heartbeat reply
收到心跳消息: heartbeat
已发送心跳回复: heartbeat reply
已发送心跳消息: heartbeat
收到心跳回复: heartbeat reply
收到心跳消息: heartbeat
已发送心跳回复: heartbeat reply
已发送心跳消息: heartbeat
收到心跳回复: heartbeat reply
收到心跳消息: heartbeat
已发送心跳回复: heartbeat reply
已发送心跳消息: heartbeat
收到心跳回复: heartbeat reply
收到心跳消息: heartbeat
已发送心跳回复: heartbeat reply
已发送心跳消息: heartbeat
收到心跳回复: heartbeat reply
收到心跳消息: heartbeat
已发送心跳回复: heartbeat reply
已发送心跳消息: heartbeat
收到心跳回复: heartbeat reply
收到心跳消息: heartbeat
已发送心跳回复: heartbeat reply
已发送心跳消息: heartbeat
收到心跳回复: heartbeat reply
收到心跳消息: heartbeat
已发送心跳回复: heartbeat reply
已发送心跳消息: heartbeat
收到心跳回复: heartbeat reply
收到心跳消息: heartbeat
已发送心跳回复: heartbeat reply
已发送心跳消息: heartbeat
收到心跳回复: heartbeat reply
收到心跳消息: heartbeat
已发送心跳回复: heartbeat reply
已发送心跳消息: heartbeat
收到心跳回复: heartbeat reply
收到心跳消息: heartbeat
已发送心跳回复: heartbeat reply
已发送心跳消息: heartbeat
收到心跳回复: heartbeat reply
收到心跳消息: heartbeat
已发送心跳回复: heartbeat reply
已发送心跳消息: heartbeat
收到心跳回复: heartbeat reply
收到心跳消息: heartbeat
已发送心跳回复: heartbeat reply
已发送心跳消息: heartbeat
收到心跳回复: heartbeat reply
收到心跳消息: heartbeat
已发送心跳回复: heartbeat reply
已发送心跳消息: heartbeat
收到心跳回复: heartbeat reply
收到心跳消息: heartbeat
已发送心跳回复: heartbeat reply
已发送心跳消息: heartbeat
收到心跳回复: heartbeat reply
收到心跳消息: heartbeat
已发送心跳回复: heartbeat reply
已发送心跳消息: heartbeat
收到心跳回复: heartbeat reply
收到心跳消息: heartbeat
已发送心跳回复: heartbeat reply
已发送心跳消息: heartbeat
收到心跳回复: heartbeat reply
收到心跳消息: heartbeat
已发送心跳回复: heartbeat reply
已发送心跳消息: heartbeat
收到心跳回复: heartbeat reply
收到心跳消息: heartbeat
已发送心跳回复: heartbeat reply
已发送心跳消息: heartbeat
收到心跳回复: heartbeat reply
收到心跳消息: heartbeat
已发送心跳回复: heartbeat reply
已发送心跳消息: heartbeat
收到心跳回复: heartbeat reply
收到心跳消息: heartbeat
已发送心跳回复: heartbeat reply
已发送心跳消息: heartbeat
收到心跳回复: heartbeat reply
收到心跳消息: heartbeat
已发送心跳回复: heartbeat reply
已发送心跳消息: heartbeat
收到心跳回复: heartbeat reply
收到心跳消息: heartbeat
已发送心跳回复: heartbeat reply
已发送心跳消息: heartbeat
收到心跳回复: heartbeat reply
收到心跳消息: heartbeat
已发送心跳回复: heartbeat reply
已发送心跳消息: heartbeat
收到心跳回复: heartbeat reply
收到心跳消息: heartbeat
已发送心跳回复: heartbeat reply
已发送心跳消息: heartbeat
收到心跳回复: heartbeat reply
收到心跳消息: heartbeat
已发送心跳回复: heartbeat reply
已发送心跳消息: heartbeat
收到心跳回复: heartbeat reply
收到心跳消息: heartbeat
已发送心跳回复: heartbeat reply
已发送心跳消息: heartbeat
收到心跳回复: heartbeat reply
收到心跳消息: heartbeat
已发送心跳回复: heartbeat reply
已发送心跳消息: heartbeat
收到心跳回复: heartbeat reply
收到心跳消息: heartbeat
已发送心跳回复: heartbeat reply
已发送心跳消息: heartbeat
收到心跳回复: heartbeat reply
收到心跳消息: heartbeat
已发送心跳回复: heartbeat reply
已发送心跳消息: heartbeat
收到心跳回复: heartbeat reply
收到心跳消息: heartbeat
已发送心跳回复: heartbeat reply
已发送心跳消息: heartbeat
收到心跳回复: heartbeat reply
收到心跳消息: heartbeat
已发送心跳回复: heartbeat reply
已发送心跳消息: heartbeat
收到心跳回复: heartbeat reply
收到心跳消息: heartbeat
已发送心跳回复: heartbeat reply
已发送心跳消息: heartbeat
收到心跳回复: heartbeat reply
收到心跳消息: heartbeat
已发送心跳回复: heartbeat reply
已发送心跳消息: heartbeat
收到心跳回复: heartbeat reply
收到心跳消息: heartbeat
已发送心跳回复: heartbeat reply
已发送心跳消息: heartbeat
收到心跳回复: heartbeat reply
收到心跳消息: heartbeat
已发送心跳回复: heartbeat reply
已发送心跳消息: heartbeat
收到心跳回复: heartbeat reply
无法接收心跳消息: EOF
无法发送心跳消息: write unix ->../server-a.sock: write: broken pipe
成功删除文件
已连接到Socket
已发送心跳消息: heartbeat
收到心跳回复: heartbeat reply
已启动监听
已接受连接
收到心跳消息: heartbeat
已发送心跳回复: heartbeat reply
已发送心跳消息: heartbeat
收到心跳回复: heartbeat reply
收到心跳消息: heartbeat
已发送心跳回复: heartbeat reply
已发送心跳消息: heartbeat
收到心跳回复: heartbeat reply
收到心跳消息: heartbeat
已发送心跳回复: heartbeat reply
已发送心跳消息: heartbeat
收到心跳回复: heartbeat reply
收到心跳消息: heartbeat
已发送心跳回复: heartbeat reply
已发送心跳消息: heartbeat
收到心跳回复: heartbeat reply
收到心跳消息: heartbeat
已发送心跳回复: heartbeat reply
已发送心跳消息: heartbeat
收到心跳回复: heartbeat reply
收到心跳消息: heartbeat
已发送心跳回复: heartbeat reply
已发送心跳消息: heartbeat
收到心跳回复: heartbeat reply
收到心跳消息: heartbeat
已发送心跳回复: heartbeat reply
无法接收心跳消息: EOF
无法发送心跳消息: write unix ->../server-a.sock: write: broken pipe
