mytest: (g=0): rw=rw, bs=(R) 10.0MiB-10.0MiB, (W) 10.0MiB-10.0MiB, (T) 10.0MiB-10.0MiB, ioengine=psync, iodepth=1
...
fio-3.16
Starting 10 threads
mytest: Laying out IO file (1 file / 2048MiB)

mytest: (groupid=0, jobs=10): err= 0: pid=2987: Wed Sep  6 18:08:35 2023
  read: IOPS=2, BW=10.6MiB/s (25.8MB/s)(1550MiB/63042msec)
    clat (msec): min=10, max=3993, avg=1256.24, stdev=1028.49
     lat (msec): min=10, max=3993, avg=1256.24, stdev=1028.49
    clat percentiles (msec):
     |  1.00th=[   12],  5.00th=[   14], 10.00th=[   17], 20.00th=[   22],
     | 30.00th=[  334], 40.00th=[  701], 50.00th=[ 1267], 60.00th=[ 1653],
     | 70.00th=[ 1955], 80.00th=[ 2333], 90.00th=[ 2668], 95.00th=[ 3004],
     | 99.00th=[ 3339], 99.50th=[ 4010], 99.90th=[ 4010], 99.95th=[ 4010],
     | 99.99th=[ 4010]
   bw (  KiB/s): min=204431, max=225280, per=100.00%, avg=206216.99, stdev=1596.02, samples=154
   iops        : min=   11, max=   22, avg=19.02, stdev= 0.35, samples=154
  write: IOPS=2, BW=29.0MiB/s (31.4MB/s)(1890MiB/63042msec); 0 zone resets
    clat (msec): min=20, max=3980, avg=2225.33, stdev=938.32
     lat (msec): min=21, max=3981, avg=2226.14, stdev=938.33
    clat percentiles (msec):
     |  1.00th=[   24],  5.00th=[  232], 10.00th=[  338], 20.00th=[ 1720],
     | 30.00th=[ 2005], 40.00th=[ 2299], 50.00th=[ 2366], 60.00th=[ 2635],
     | 70.00th=[ 2668], 80.00th=[ 2937], 90.00th=[ 3339], 95.00th=[ 3641],
     | 99.00th=[ 3977], 99.50th=[ 3977], 99.90th=[ 3977], 99.95th=[ 3977],
     | 99.99th=[ 3977]
   bw (  KiB/s): min=204554, max=348160, per=100.00%, avg=218425.99, stdev=4937.32, samples=168
   iops        : min=   14, max=   34, avg=20.43, stdev= 0.54, samples=168
  lat (msec)   : 20=7.27%, 50=5.23%, 100=0.29%, 250=0.29%, 500=9.01%
  lat (msec)   : 750=2.91%, 1000=1.74%, 2000=23.26%, >=2000=50.00%
  cpu          : usr=0.03%, sys=0.07%, ctx=750, majf=0, minf=0
  IO depths    : 1=100.0%, 2=0.0%, 4=0.0%, 8=0.0%, 16=0.0%, 32=0.0%, >=64=0.0%
     submit    : 0=0.0%, 4=100.0%, 8=0.0%, 16=0.0%, 32=0.0%, 64=0.0%, >=64=0.0%
     complete  : 0=0.0%, 4=100.0%, 8=0.0%, 16=0.0%, 32=0.0%, 64=0.0%, >=64=0.0%
     issued rwts: total=155,189,0,0 short=0,0,0,0 dropped=0,0,0,0
     latency   : target=0, window=0, percentile=100.00%, depth=1

Run status group 0 (all jobs):
   READ: bw=24.6MiB/s (10.8MB/s), 24.6MiB/s-24.6MiB/s (25.8MB/s-25.8MB/s), io=1550MiB (1625MB), run=63042-63042msec
  WRITE: bw=29.0MiB/s (31.4MB/s), 29.0MiB/s-29.0MiB/s (31.4MB/s-31.4MB/s), io=1890MiB (1982MB), run=63042-63042msec

Disk stats (read/write):
  vda: ios=1268/1573, merge=0/12, ticks=279063/353228, in_queue=626596, util=98.84%
