mytest: (g=0): rw=rw, bs=(R) 10.0MiB-10.0MiB, (W) 10.0MiB-10.0MiB, (T) 10.0MiB-10.0MiB, ioengine=psync, iodepth=1
...
fio-3.16
Starting 10 threads

mytest: (groupid=0, jobs=10): err= 0: pid=3279: Wed Sep  6 18:07:22 2023
  read: IOPS=2, BW=21.2MiB/s (22.2MB/s)(1320MiB/62230msec)
    clat (msec): min=8, max=5891, avg=1606.23, stdev=1283.84
     lat (msec): min=9, max=5891, avg=1606.23, stdev=1283.84
    clat percentiles (msec):
     |  1.00th=[   10],  5.00th=[   11], 10.00th=[   13], 20.00th=[   20],
     | 30.00th=[  355], 40.00th=[ 1334], 50.00th=[ 1804], 60.00th=[ 2265],
     | 70.00th=[ 2366], 80.00th=[ 2668], 90.00th=[ 3071], 95.00th=[ 3272],
     | 99.00th=[ 4530], 99.50th=[ 5873], 99.90th=[ 5873], 99.95th=[ 5873],
     | 99.99th=[ 5873]
   bw (  KiB/s): min=204513, max=225280, per=100.00%, avg=206795.68, stdev=1732.08, samples=127
   iops        : min=   13, max=   22, avg=18.92, stdev= 0.37, samples=127
  write: IOPS=2, BW=24.9MiB/s (26.1MB/s)(1550MiB/62230msec); 0 zone resets
    clat (msec): min=20, max=7987, avg=2587.91, stdev=1565.44
     lat (msec): min=21, max=7988, avg=2588.56, stdev=1565.42
    clat percentiles (msec):
     |  1.00th=[   23],  5.00th=[  271], 10.00th=[  347], 20.00th=[ 1150],
     | 30.00th=[ 2106], 40.00th=[ 2400], 50.00th=[ 2635], 60.00th=[ 2903],
     | 70.00th=[ 3037], 80.00th=[ 3406], 90.00th=[ 4530], 95.00th=[ 5940],
     | 99.00th=[ 7483], 99.50th=[ 8020], 99.90th=[ 8020], 99.95th=[ 8020],
     | 99.99th=[ 8020]
   bw (  KiB/s): min=204513, max=348160, per=100.00%, avg=221486.71, stdev=5353.05, samples=138
   iops        : min=   13, max=   34, avg=20.25, stdev= 0.66, samples=138
  lat (msec)   : 10=0.70%, 20=9.06%, 50=2.44%, 100=0.70%, 250=2.44%
  lat (msec)   : 500=10.10%, 750=0.35%, 1000=1.39%, 2000=12.89%, >=2000=59.93%
  cpu          : usr=0.02%, sys=0.06%, ctx=629, majf=0, minf=0
  IO depths    : 1=100.0%, 2=0.0%, 4=0.0%, 8=0.0%, 16=0.0%, 32=0.0%, >=64=0.0%
     submit    : 0=0.0%, 4=100.0%, 8=0.0%, 16=0.0%, 32=0.0%, 64=0.0%, >=64=0.0%
     complete  : 0=0.0%, 4=100.0%, 8=0.0%, 16=0.0%, 32=0.0%, 64=0.0%, >=64=0.0%
     issued rwts: total=132,155,0,0 short=0,0,0,0 dropped=0,0,0,0
     latency   : target=0, window=0, percentile=100.00%, depth=1

Run status group 0 (all jobs):
   READ: bw=21.2MiB/s (22.2MB/s), 21.2MiB/s-21.2MiB/s (22.2MB/s-22.2MB/s), io=1320MiB (1384MB), run=62230-62230msec
  WRITE: bw=24.9MiB/s (26.1MB/s), 24.9MiB/s-24.9MiB/s (26.1MB/s-26.1MB/s), io=1550MiB (1625MB), run=62230-62230msec

Disk stats (read/write):
  vda: ios=1076/1493, merge=0/65, ticks=179094/584632, in_queue=758484, util=90.23%
