mytest: (g=0): rw=rw, bs=(R) 10.0MiB-10.0MiB, (W) 10.0MiB-10.0MiB, (T) 10.0MiB-10.0MiB, ioengine=psync, iodepth=1
...
fio-3.16
Starting 10 threads

mytest: (groupid=0, jobs=10): err= 0: pid=2778: Wed Sep  6 18:07:23 2023
  read: IOPS=2, BW=22.9MiB/s (23.0MB/s)(1440MiB/62957msec)
    clat (msec): min=6, max=4374, avg=1469.27, stdev=1191.28
     lat (msec): min=6, max=4374, avg=1469.27, stdev=1191.28
    clat percentiles (msec):
     |  1.00th=[   10],  5.00th=[   13], 10.00th=[   15], 20.00th=[   21],
     | 30.00th=[  342], 40.00th=[ 1028], 50.00th=[ 1385], 60.00th=[ 1703],
     | 70.00th=[ 2333], 80.00th=[ 2635], 90.00th=[ 3004], 95.00th=[ 3306],
     | 99.00th=[ 4329], 99.50th=[ 4396], 99.90th=[ 4396], 99.95th=[ 4396],
     | 99.99th=[ 4396]
   bw (  KiB/s): min=204390, max=266076, per=100.00%, avg=209126.65, stdev=2892.10, samples=140
   iops        : min=   10, max=   24, avg=18.70, stdev= 0.42, samples=140
  write: IOPS=2, BW=27.8MiB/s (29.1MB/s)(1750MiB/62957msec); 0 zone resets
    clat (msec): min=18, max=5878, avg=2313.98, stdev=1197.44
     lat (msec): min=18, max=5880, avg=2314.65, stdev=1197.46
    clat percentiles (msec):
     |  1.00th=[   23],  5.00th=[  275], 10.00th=[  330], 20.00th=[ 1334],
     | 30.00th=[ 2039], 40.00th=[ 2333], 50.00th=[ 2601], 60.00th=[ 2668],
     | 70.00th=[ 2970], 80.00th=[ 3071], 90.00th=[ 3373], 95.00th=[ 3708],
     | 99.00th=[ 5805], 99.50th=[ 5873], 99.90th=[ 5873], 99.95th=[ 5873],
     | 99.99th=[ 5873]
   bw (  KiB/s): min=204472, max=327680, per=100.00%, avg=216320.01, stdev=4666.06, samples=157
   iops        : min=   12, max=   32, avg=19.95, stdev= 0.59, samples=157
  lat (msec)   : 10=0.63%, 20=7.84%, 50=3.76%, 250=0.31%, 500=11.91%
  lat (msec)   : 750=2.82%, 1000=0.63%, 2000=14.11%, >=2000=57.99%
  cpu          : usr=0.02%, sys=0.07%, ctx=703, majf=0, minf=0
  IO depths    : 1=100.0%, 2=0.0%, 4=0.0%, 8=0.0%, 16=0.0%, 32=0.0%, >=64=0.0%
     submit    : 0=0.0%, 4=100.0%, 8=0.0%, 16=0.0%, 32=0.0%, 64=0.0%, >=64=0.0%
     complete  : 0=0.0%, 4=100.0%, 8=0.0%, 16=0.0%, 32=0.0%, 64=0.0%, >=64=0.0%
     issued rwts: total=144,175,0,0 short=0,0,0,0 dropped=0,0,0,0
     latency   : target=0, window=0, percentile=100.00%, depth=1

Run status group 0 (all jobs):
   READ: bw=22.9MiB/s (16.0MB/s), 22.9MiB/s-22.9MiB/s (23.0MB/s-23.0MB/s), io=1440MiB (1510MB), run=62957-62957msec
  WRITE: bw=27.8MiB/s (29.1MB/s), 27.8MiB/s-27.8MiB/s (29.1MB/s-29.1MB/s), io=1750MiB (1835MB), run=62957-62957msec

Disk stats (read/write):
  vda: ios=1162/1581, merge=0/51, ticks=268266/491540, in_queue=754448, util=96.90%
